2026-02-23 19:50:39 [[32minfo[39m]: Product duplicated {
  "sourceId": "698e3eff5a5ddaf3ed056942",
  "newId": "699c6237299e200dad4742be"
} 
2026-02-26 12:15:27 [[32minfo[39m]: User logged in successfully {
  "email": "grabszy2025@gmail.com",
  "userId": "698081fcc3e4cc458f359244",
  "role": "admin"
} 
2026-02-26 17:19:48 [[32minfo[39m]: Pruning expired push subscription for admin 698081fcc3e4cc458f359244  
2026-02-26 18:08:56 [[32minfo[39m]: New user registered {
  "email": "muralis.1995@gmail.com",
  "userId": "69a03ecbd27a9d5a286022c3"
} 
2026-02-26 18:09:23 [[32minfo[39m]: User logged in successfully {
  "email": "muralis.1995@gmail.com",
  "userId": "69a03ecbd27a9d5a286022c3",
  "role": "customer"
} 
2026-02-26 22:15:07 [[31merror[39m]: Test email failed {
  "error": "logger is not defined"
} 
2026-02-26 22:15:40 [[31merror[39m]: Error sending email {
  "error": "Invalid login: 535 5.7.8 Error: authentication failed: (reason unavailable)",
  "to": "grabszy2025@gmail.com",
  "subject": "GRABSZY SMTP Test ✅"
} 
2026-02-26 22:15:40 [[31merror[39m]: Test email failed {
  "error": "Email could not be sent"
} 
2026-02-26 22:16:32 [[32minfo[39m]: Email sent successfully {
  "messageId": "<81f1351c-0f67-6c0a-09ad-83b4612e0d06@grabszy.com>",
  "to": "grabszy2025@gmail.com",
  "subject": "GRABSZY SMTP Test ✅"
} 
2026-02-26 22:17:01 [[32minfo[39m]: Email sent successfully {
  "messageId": "<30ddd140-72f3-1439-4fd3-948ca694f73e@grabszy.com>",
  "to": "grabszy2025@gmail.com",
  "subject": "GRABSZY Alias Test 📧"
} 
2026-02-28 12:54:58 [[32minfo[39m]: User logged in successfully {
  "email": "grabszy2025@gmail.com",
  "userId": "698081fcc3e4cc458f359244",
  "role": "admin"
} 
2026-03-03 15:26:04 [[32minfo[39m]: User logged in successfully {
  "email": "grabszy2025@gmail.com",
  "userId": "698081fcc3e4cc458f359244",
  "role": "admin"
} 
2026-03-03 15:26:21 [[32minfo[39m]: User logged in successfully {
  "email": "grabszy2025@gmail.com",
  "userId": "698081fcc3e4cc458f359244",
  "role": "admin"
} 
2026-03-04 11:11:06 [[32minfo[39m]: User logged in successfully {
  "email": "grabszy2025@gmail.com",
  "userId": "698081fcc3e4cc458f359244",
  "role": "admin"
} 
2026-03-05 00:07:17 [[32minfo[39m]: User logged in successfully {
  "email": "grabszy2025@gmail.com",
  "userId": "698081fcc3e4cc458f359244",
  "role": "admin"
} 
2026-03-05 00:32:28 [[32minfo[39m]: User logged in successfully {
  "email": "grabszy2025@gmail.com",
  "userId": "698081fcc3e4cc458f359244",
  "role": "admin"
} 
2026-03-06 23:41:02 [[32minfo[39m]: User logged in successfully {
  "email": "grabszy2025@gmail.com",
  "userId": "698081fcc3e4cc458f359244",
  "role": "admin"
} 
2026-03-07 12:48:32 [[32minfo[39m]: Product duplicated {
  "sourceId": "69a87bb5aa78661819998486",
  "newId": "69abd1489afea5d0373ea8cf"
} 
2026-03-07 13:31:40 [[32minfo[39m]: Product duplicated {
  "sourceId": "69abd1489afea5d0373ea8cf",
  "newId": "69abdb6365afbff65d7b687c"
} 
2026-03-08 00:27:37 [[32minfo[39m]: User logged in successfully {
  "email": "grabszy2025@gmail.com",
  "userId": "698081fcc3e4cc458f359244",
  "role": "admin"
} 
2026-03-08 00:34:18 [[32minfo[39m]: User logged in successfully {
  "email": "grabszy2025@gmail.com",
  "userId": "698081fcc3e4cc458f359244",
  "role": "admin"
} 
2026-03-09 14:51:24 [[32minfo[39m]: Email sent successfully {
  "messageId": "<e60ba188-8681-541a-0d68-11edb1a36489@grabszy.com>",
  "to": "muralis.1995@gmail.com",
  "subject": "Order Confirmation #GRY-ORD-00001 - GRABSZY"
} 
2026-03-09 15:04:42 [[32minfo[39m]: Email sent successfully {
  "messageId": "<220d6073-617e-143b-1d5b-17b80e2436c8@grabszy.com>",
  "to": "muralis.1995@gmail.com",
  "subject": "Order Confirmation #GRY-ORD-00002 - GRABSZY"
} 
2026-03-09 18:21:05 [[32minfo[39m]: User logged in successfully {
  "email": "grabszy2025@gmail.com",
  "userId": "698081fcc3e4cc458f359244",
  "role": "admin"
} 
2026-03-10 18:32:10 [[32minfo[39m]: User logged in successfully {
  "email": "grabszy2025@gmail.com",
  "userId": "698081fcc3e4cc458f359244",
  "role": "admin"
} 
2026-03-11 15:22:44 [[32minfo[39m]: Product duplicated {
  "sourceId": "699d957d79d17274e156a8dc",
  "newId": "69b13b6c2825aff5f66370c1"
} 
2026-03-12 19:03:44 [[31merror[39m]: Error sending email {
  "error": "Can't send mail - all recipients were rejected: 553 5.7.1 <alerts@grabszy.com>: Sender address rejected: not owned by user support@grabszy.com",
  "to": "support@grabszy.com",
  "subject": "[STOCK ALERT] Pack of 3 Combo Mens Lungi checked with pure cotton with 2.15 mtrs (Blue-C11 / 2.2 mtrs) is low!"
} 
2026-03-12 19:03:44 [[31merror[39m]: Failed to send low stock alert email {
  "error": "Email could not be sent"
} 
2026-03-12 19:03:47 [[32minfo[39m]: Email sent successfully {
  "messageId": "<b6632758-719c-7d39-3509-02c72e6f41e5@grabszy.com>",
  "to": "muralis.1995@gmail.com",
  "subject": "Order Confirmation #GRY-ORD-00006 - GRABSZY"
} 
2026-03-13 01:21:34 [[31merror[39m]: Error sending email {
  "error": "Can't send mail - all recipients were rejected: 553 5.7.1 <alerts@grabszy.com>: Sender address rejected: not owned by user support@grabszy.com",
  "to": "support@grabszy.com",
  "subject": "[STOCK ALERT] Pack of 3 Combo Mens Lungi checked with pure cotton with 2.25 mtrs (Blue-C11 / 2.2 mtrs) is low!"
} 
2026-03-13 01:21:34 [[31merror[39m]: Failed to send low stock alert email {
  "error": "Email could not be sent"
} 
2026-03-13 01:21:46 [[32minfo[39m]: Email sent successfully {
  "messageId": "<c78ad5a1-b2c2-9856-24b9-db7013f95549@grabszy.com>",
  "to": "grabszy2025@gmail.com",
  "subject": "Order Confirmation #GRY-ORD-00012 - GRABSZY"
} 
2026-03-13 12:11:45 [[32minfo[39m]: Email sent successfully {
  "messageId": "<bb704a94-80f3-7321-640b-398347b9e079@grabszy.com>",
  "to": "test@example.com",
  "subject": "Order Confirmation #GRY-ORD-00016 - GRABSZY"
} 
2026-03-13 12:21:25 [[32minfo[39m]: Email sent successfully {
  "messageId": "<1aa9f5d9-8ed5-8cbe-acb0-915161b9ab3f@grabszy.com>",
  "to": "test@example.com",
  "subject": "Order Confirmation #GRY-ORD-00018 - GRABSZY"
} 
2026-03-13 13:09:27 [[32minfo[39m]: Email sent successfully {
  "messageId": "<e381d4cc-5b7c-f148-23a7-d5aaff938992@grabszy.com>",
  "to": "muralis.1995@gmail.com",
  "subject": "Order Confirmation #GRY-ORD-00022 - GRABSZY"
} 
2026-03-14 12:31:01 [[32minfo[39m]: Email sent successfully {
  "messageId": "<fb6a4a6a-0c26-2fc9-b85d-65c2474c079c@grabszy.com>",
  "to": "muralis.1995@gmail.com",
  "subject": "Order Confirmation #GRY-ORD-00004 - GRABSZY"
} 
2026-03-14 12:31:26 [[31merror[39m]: Order not found during payment verification {
  "razorpay_order_id": "order_SR11tcljHTFyua"
} 
2026-03-14 13:20:36 [[32minfo[39m]: User logged in successfully {
  "email": "muralis.1995@gmail.com",
  "userId": "69b456b756bb4e75ed8fd8bc",
  "role": "customer"
} 
2026-03-14 14:42:39 [[32minfo[39m]: User logged in successfully {
  "email": "muralis.1995@gmail.com",
  "userId": "69b456b756bb4e75ed8fd8bc",
  "role": "customer"
} 
